v:\awesomegame\awesomegame\debug\vc120.pdb
v:\awesomegame\awesomegame\debug\vc120.idb
v:\awesomegame\awesomegame\debug\assetmanager.obj
v:\awesomegame\awesomegame\debug\audiofile.obj
v:\awesomegame\awesomegame\debug\boulder.obj
v:\awesomegame\awesomegame\debug\debug.obj
v:\awesomegame\awesomegame\debug\gamescenemanager.obj
v:\awesomegame\awesomegame\debug\keyboard.obj
v:\awesomegame\awesomegame\debug\keyboardmanager.obj
v:\awesomegame\awesomegame\debug\main.obj
v:\awesomegame\awesomegame\debug\mmath.obj
v:\awesomegame\awesomegame\debug\music.obj
v:\awesomegame\awesomegame\debug\player.obj
v:\awesomegame\awesomegame\debug\scene0.obj
v:\awesomegame\awesomegame\debug\scene1.obj
v:\awesomegame\awesomegame\debug\scene2.obj
v:\awesomegame\awesomegame\debug\scene3.obj
v:\awesomegame\awesomegame\debug\texture.obj
v:\awesomegame\awesomegame\debug\timer.obj
v:\awesomegame\awesomegame\debug\vmath.obj
v:\awesomegame\awesomegame\debug\window.obj
v:\awesomegame\awesomegame\debug\vc140.pdb
v:\awesomegame\awesomegame\debug\vc140.idb
v:\awesomegame\awesomegame\debug\scenegameover.obj
y:\github\awesomegame\awesomegame\debug\vc140.pdb
y:\github\awesomegame\awesomegame\debug\vc140.idb
y:\github\awesomegame\awesomegame\debug\assetmanager.obj
y:\github\awesomegame\awesomegame\debug\audiofile.obj
y:\github\awesomegame\awesomegame\debug\boulder.obj
y:\github\awesomegame\awesomegame\debug\debug.obj
y:\github\awesomegame\awesomegame\debug\gamescenemanager.obj
y:\github\awesomegame\awesomegame\debug\main.obj
y:\github\awesomegame\awesomegame\debug\mmath.obj
y:\github\awesomegame\awesomegame\debug\music.obj
y:\github\awesomegame\awesomegame\debug\player.obj
y:\github\awesomegame\awesomegame\debug\scene0.obj
y:\github\awesomegame\awesomegame\debug\scene1.obj
y:\github\awesomegame\awesomegame\debug\scene2.obj
y:\github\awesomegame\awesomegame\debug\scene3.obj
y:\github\awesomegame\awesomegame\debug\scenegameover.obj
y:\github\awesomegame\awesomegame\debug\texture.obj
y:\github\awesomegame\awesomegame\debug\timer.obj
y:\github\awesomegame\awesomegame\debug\vmath.obj
y:\github\awesomegame\awesomegame\debug\window.obj
v:\awesomegame\debug\awesomegame.ilk
v:\awesomegame\debug\awesomegame.exe
v:\awesomegame\debug\awesomegame.pdb
y:\github\awesomegame\awesomegame\debug\keyboard.obj
y:\github\awesomegame\awesomegame\debug\keyboardmanager.obj
y:\github\awesomegame\awesomegame\debug\vc120.idb
y:\github\awesomegame\awesomegame\debug\vc120.pdb
y:\github\awesomegame\debug\awesomegame.pdb
y:\github\awesomegame\awesomegame\debug\awesomegame.tlog\cl.command.1.tlog
y:\github\awesomegame\awesomegame\debug\awesomegame.tlog\cl.read.1.tlog
y:\github\awesomegame\awesomegame\debug\awesomegame.tlog\cl.write.1.tlog
y:\github\awesomegame\awesomegame\debug\awesomegame.tlog\link-cvtres.read.1.tlog
y:\github\awesomegame\awesomegame\debug\awesomegame.tlog\link-cvtres.write.1.tlog
y:\github\awesomegame\awesomegame\debug\awesomegame.tlog\link-rc.read.1.tlog
y:\github\awesomegame\awesomegame\debug\awesomegame.tlog\link-rc.write.1.tlog
y:\github\awesomegame\awesomegame\debug\awesomegame.tlog\link.command.1.tlog
y:\github\awesomegame\awesomegame\debug\awesomegame.tlog\link.read.1.tlog
y:\github\awesomegame\awesomegame\debug\awesomegame.tlog\link.write.1.tlog
