  Window.cpp
  VMath.cpp
  Timer.cpp
  Texture.cpp
  SceneGameOver.cpp
  Scene3.cpp
  Scene2.cpp
  Scene1.cpp
  Scene0.cpp
  Player.cpp
y:\github\awesomegame\awesomegame\player.cpp(84): warning C4244: '=' : conversion from 'float' to 'int', possible loss of data
y:\github\awesomegame\awesomegame\player.cpp(93): warning C4244: '=' : conversion from 'float' to 'int', possible loss of data
y:\github\awesomegame\awesomegame\player.cpp(104): warning C4244: '=' : conversion from 'float' to 'int', possible loss of data
y:\github\awesomegame\awesomegame\player.cpp(115): warning C4244: '=' : conversion from 'float' to 'int', possible loss of data
  Music.cpp
  MMath.cpp
  Main.cpp
  GameSceneManager.cpp
  Debug.cpp
  Boulder.cpp
  AudioFile.cpp
  AssetManager.cpp
y:\github\awesomegame\awesomegame\assetmanager.cpp(17): warning C4150: deletion of pointer to incomplete type 'SDL_Texture'; no destructor called
          c:\gamedev\sdl\include\sdl_render.h(127) : see declaration of 'SDL_Texture'
y:\github\awesomegame\awesomegame\assetmanager.cpp(18): warning C4150: deletion of pointer to incomplete type 'SDL_Renderer'; no destructor called
          c:\gamedev\sdl\include\sdl_render.h(121) : see declaration of 'SDL_Renderer'
y:\github\awesomegame\awesomegame\assetmanager.cpp(133): warning C4244: 'initializing' : conversion from 'const float' to 'int', possible loss of data
y:\github\awesomegame\awesomegame\assetmanager.cpp(141): warning C4244: 'initializing' : conversion from 'float' to 'int', possible loss of data
  Generating Code...
y:\github\awesomegame\awesomegame\assetmanager.cpp(46): warning C4715: 'GAME::AssetManager::LoadAsset' : not all control paths return a value
MSVCRTD.lib(cinitexe.obj) : warning LNK4098: defaultlib 'msvcrt.lib' conflicts with use of other libs; use /NODEFAULTLIB:library
  AwesomeGame.vcxproj -> Y:\GitHub\AwesomeGame\Debug\AwesomeGame.exe
